<?xml version="1.0" encoding="UTF-8"?>
<coverage generated="1655650780348" clover="3.2.0">
  <project timestamp="1655650780348" name="All files">
    <metrics statements="24" coveredstatements="24" conditionals="20" coveredconditionals="17" methods="3" coveredmethods="3" elements="47" coveredelements="44" complexity="0" loc="24" ncloc="24" packages="1" files="3" classes="3"/>
    <file name="extenseWriting.js" path="D:\Github\tsiw-movizz\tests\extenseWriting.js">
      <metrics statements="8" coveredstatements="8" conditionals="12" coveredconditionals="9" methods="1" coveredmethods="1"/>
      <line num="2" count="2" type="stmt"/>
      <line num="3" count="2" type="stmt"/>
      <line num="4" count="4" type="cond" truecount="4" falsecount="0"/>
      <line num="5" count="1" type="stmt"/>
      <line num="6" count="1" type="cond" truecount="1" falsecount="1"/>
      <line num="8" count="3" type="cond" truecount="4" falsecount="2"/>
      <line num="11" count="2" type="stmt"/>
      <line num="13" count="1" type="stmt"/>
    </file>
    <file name="fixCharacterName.js" path="D:\Github\tsiw-movizz\tests\fixCharacterName.js">
      <metrics statements="7" coveredstatements="7" conditionals="4" coveredconditionals="4" methods="1" coveredmethods="1"/>
      <line num="4" count="1" type="stmt"/>
      <line num="5" count="1" type="stmt"/>
      <line num="6" count="14" type="cond" truecount="4" falsecount="0"/>
      <line num="7" count="13" type="stmt"/>
      <line num="9" count="1" type="stmt"/>
      <line num="12" count="1" type="stmt"/>
      <line num="15" count="1" type="stmt"/>
    </file>
    <file name="verifyFields.js" path="D:\Github\tsiw-movizz\tests\verifyFields.js">
      <metrics statements="9" coveredstatements="9" conditionals="4" coveredconditionals="4" methods="1" coveredmethods="1"/>
      <line num="2" count="3" type="stmt"/>
      <line num="3" count="3" type="cond" truecount="2" falsecount="0"/>
      <line num="4" count="1" type="stmt"/>
      <line num="5" count="1" type="stmt"/>
      <line num="7" count="2" type="cond" truecount="2" falsecount="0"/>
      <line num="8" count="1" type="stmt"/>
      <line num="9" count="1" type="stmt"/>
      <line num="13" count="1" type="stmt"/>
      <line num="16" count="1" type="stmt"/>
    </file>
  </project>
</coverage>
