TN:
SF:tests\extenseWriting.js
FN:1,extenseWriting
FNF:1
FNH:1
FNDA:2,extenseWriting
DA:2,2
DA:3,2
DA:4,4
DA:5,1
DA:6,1
DA:8,3
DA:11,2
DA:13,1
LF:8
LH:8
BRDA:4,0,0,1
BRDA:4,0,1,3
BRDA:4,1,0,4
BRDA:4,1,1,2
BRDA:6,2,0,0
BRDA:6,2,1,1
BRDA:8,3,0,2
BRDA:8,3,1,1
BRDA:8,4,0,0
BRDA:8,4,1,2
BRDA:8,5,0,0
BRDA:8,5,1,1
BRF:12
BRH:9
end_of_record
TN:
SF:tests\fixCharacterName.js
FN:1,fixCharacterName
FNF:1
FNH:1
FNDA:1,fixCharacterName
DA:4,1
DA:5,1
DA:6,14
DA:7,13
DA:9,1
DA:12,1
DA:15,1
LF:7
LH:7
BRDA:6,0,0,13
BRDA:6,0,1,1
BRDA:6,1,0,14
BRDA:6,1,1,12
BRF:4
BRH:4
end_of_record
TN:
SF:tests\verifyFields.js
FN:1,verifyFields
FNF:1
FNH:1
FNDA:3,verifyFields
DA:2,3
DA:3,3
DA:4,1
DA:5,1
DA:7,2
DA:8,1
DA:9,1
DA:13,1
DA:16,1
LF:9
LH:9
BRDA:3,0,0,1
BRDA:3,0,1,2
BRDA:7,1,0,1
BRDA:7,1,1,1
BRF:4
BRH:4
end_of_record
